Determining if the pthread_create exist failed with the following output:
Change Dir: /lustre/SCRATCH/atlas/ywng/WorkSpace/r21/r21SwiftNew/r21StatisticalAnalysis/build/CMakeFiles/CMakeTmp

Run Build Command:"/usr/bin/gmake" "cmTC_41427/fast"
/usr/bin/gmake -f CMakeFiles/cmTC_41427.dir/build.make CMakeFiles/cmTC_41427.dir/build
gmake[1]: Entering directory `/lustre/SCRATCH/atlas/ywng/WorkSpace/r21/r21SwiftNew/r21StatisticalAnalysis/build/CMakeFiles/CMakeTmp'
Building C object CMakeFiles/cmTC_41427.dir/CheckSymbolExists.c.o
/cvmfs/atlas.cern.ch/repo/sw/software/21.2/sw/lcg/releases/gcc/6.2.0/x86_64-slc6/bin/gcc    -o CMakeFiles/cmTC_41427.dir/CheckSymbolExists.c.o   -c /lustre/SCRATCH/atlas/ywng/WorkSpace/r21/r21SwiftNew/r21StatisticalAnalysis/build/CMakeFiles/CMakeTmp/CheckSymbolExists.c
Linking C executable cmTC_41427
/cvmfs/atlas.cern.ch/repo/ATLASLocalRootBase/x86_64/Cmake/3.8.1/Linux-x86_64/bin/cmake -E cmake_link_script CMakeFiles/cmTC_41427.dir/link.txt --verbose=1
/cvmfs/atlas.cern.ch/repo/sw/software/21.2/sw/lcg/releases/gcc/6.2.0/x86_64-slc6/bin/gcc     -Wl,--as-needed -Wl,--hash-style=both  -rdynamic CMakeFiles/cmTC_41427.dir/CheckSymbolExists.c.o  -o cmTC_41427 
CMakeFiles/cmTC_41427.dir/CheckSymbolExists.c.o: In function `main':
CheckSymbolExists.c:(.text+0x16): undefined reference to `pthread_create'
collect2: error: ld returned 1 exit status
gmake[1]: *** [cmTC_41427] Error 1
gmake[1]: Leaving directory `/lustre/SCRATCH/atlas/ywng/WorkSpace/r21/r21SwiftNew/r21StatisticalAnalysis/build/CMakeFiles/CMakeTmp'
gmake: *** [cmTC_41427/fast] Error 2

File /lustre/SCRATCH/atlas/ywng/WorkSpace/r21/r21SwiftNew/r21StatisticalAnalysis/build/CMakeFiles/CMakeTmp/CheckSymbolExists.c:
/* */
#include <pthread.h>

int main(int argc, char** argv)
{
  (void)argv;
#ifndef pthread_create
  return ((int*)(&pthread_create))[argc];
#else
  (void)argc;
  return 0;
#endif
}

Determining if the function pthread_create exists in the pthreads failed with the following output:
Change Dir: /lustre/SCRATCH/atlas/ywng/WorkSpace/r21/r21SwiftNew/r21StatisticalAnalysis/build/CMakeFiles/CMakeTmp

Run Build Command:"/usr/bin/gmake" "cmTC_6b0ea/fast"
/usr/bin/gmake -f CMakeFiles/cmTC_6b0ea.dir/build.make CMakeFiles/cmTC_6b0ea.dir/build
gmake[1]: Entering directory `/lustre/SCRATCH/atlas/ywng/WorkSpace/r21/r21SwiftNew/r21StatisticalAnalysis/build/CMakeFiles/CMakeTmp'
Building C object CMakeFiles/cmTC_6b0ea.dir/CheckFunctionExists.c.o
/cvmfs/atlas.cern.ch/repo/sw/software/21.2/sw/lcg/releases/gcc/6.2.0/x86_64-slc6/bin/gcc   -DCHECK_FUNCTION_EXISTS=pthread_create   -o CMakeFiles/cmTC_6b0ea.dir/CheckFunctionExists.c.o   -c /cvmfs/atlas.cern.ch/repo/ATLASLocalRootBase/x86_64/Cmake/3.8.1/Linux-x86_64/share/cmake-3.8/Modules/CheckFunctionExists.c
Linking C executable cmTC_6b0ea
/cvmfs/atlas.cern.ch/repo/ATLASLocalRootBase/x86_64/Cmake/3.8.1/Linux-x86_64/bin/cmake -E cmake_link_script CMakeFiles/cmTC_6b0ea.dir/link.txt --verbose=1
/cvmfs/atlas.cern.ch/repo/sw/software/21.2/sw/lcg/releases/gcc/6.2.0/x86_64-slc6/bin/gcc  -DCHECK_FUNCTION_EXISTS=pthread_create   -Wl,--as-needed -Wl,--hash-style=both  -rdynamic CMakeFiles/cmTC_6b0ea.dir/CheckFunctionExists.c.o  -o cmTC_6b0ea -lpthreads 
/usr/bin/ld: cannot find -lpthreads
collect2: error: ld returned 1 exit status
gmake[1]: *** [cmTC_6b0ea] Error 1
gmake[1]: Leaving directory `/lustre/SCRATCH/atlas/ywng/WorkSpace/r21/r21SwiftNew/r21StatisticalAnalysis/build/CMakeFiles/CMakeTmp'
gmake: *** [cmTC_6b0ea/fast] Error 2


